<?xml version="1.0" encoding="UTF-8"?>
<testsuite xmlns:xsi="http://www.w3.org/2001/XMLSchema-instance" xsi:schemaLocation="https://maven.apache.org/surefire/maven-surefire-plugin/xsd/surefire-test-report.xsd" name="TestSuite" time="2.608" tests="4" errors="0" skipped="0" failures="4">
  <properties>
    <property name="java.runtime.name" value="Java(TM) SE Runtime Environment"/>
    <property name="java.vm.version" value="11.0.1+13-LTS"/>
    <property name="sun.boot.library.path" value="C:\Program Files\Java\jdk-11.0.1\bin"/>
    <property name="maven.multiModuleProjectDirectory" value="D:\Catalog Navigator\Catalog_Navigator"/>
    <property name="java.vm.vendor" value="Oracle Corporation"/>
    <property name="java.vendor.url" value="http://java.oracle.com/"/>
    <property name="guice.disable.misplaced.annotation.check" value="true"/>
    <property name="path.separator" value=";"/>
    <property name="java.vm.name" value="Java HotSpot(TM) 64-Bit Server VM"/>
    <property name="sun.os.patch.level" value=""/>
    <property name="user.script" value=""/>
    <property name="user.country" value="IN"/>
    <property name="sun.java.launcher" value="SUN_STANDARD"/>
    <property name="java.vm.specification.name" value="Java Virtual Machine Specification"/>
    <property name="user.dir" value="D:\Catalog Navigator\Catalog_Navigator"/>
    <property name="java.vm.compressedOopsMode" value="Zero based"/>
    <property name="java.runtime.version" value="11.0.1+13-LTS"/>
    <property name="java.awt.graphicsenv" value="sun.awt.Win32GraphicsEnvironment"/>
    <property name="basedir" value="D:\Catalog Navigator\Catalog_Navigator"/>
    <property name="os.arch" value="amd64"/>
    <property name="java.io.tmpdir" value="C:\Users\BATAKR~1.MIS\AppData\Local\Temp\"/>
    <property name="line.separator" value="&#10;"/>
    <property name="java.vm.specification.vendor" value="Oracle Corporation"/>
    <property name="user.variant" value=""/>
    <property name="os.name" value="Windows 10"/>
    <property name="classworlds.conf" value="C:\Users\batakrishna.mishra\eclipse-workspace\.metadata\.plugins\org.eclipse.m2e.launching\launches\m2conf6914357705064277802.tmp"/>
    <property name="sun.jnu.encoding" value="Cp1252"/>
    <property name="jnidispatch.path" value="C:\Users\BATAKR~1.MIS\AppData\Local\Temp\jna-1275252112\jna6531969494192543295.dll"/>
    <property name="java.library.path" value="C:\Program Files\Java\jdk-11.0.1\bin;C:\Windows\Sun\Java\bin;C:\Windows\system32;C:\Windows;C:/Program Files/Java/jdk-11.0.1/bin/server;C:/Program Files/Java/jdk-11.0.1/bin;C:\Program Files (x86)\Intel\Intel(R) Management Engine Components\iCLS\;C:\Program Files\Intel\Intel(R) Management Engine Components\iCLS\;C:\Windows\system32;C:\Windows;C:\Windows\System32\Wbem;C:\Windows\System32\WindowsPowerShell\v1.0\;C:\Windows\System32\OpenSSH\;C:\Program Files (x86)\Intel\Intel(R) Management Engine Components\DAL;C:\Program Files\Intel\Intel(R) Management Engine Components\DAL;C:\Program Files (x86)\Intel\Intel(R) Management Engine Components\IPT;C:\Program Files\Intel\Intel(R) Management Engine Components\IPT;C:\Program Files\dotnet\;C:\Program Files\Microsoft SQL Server\130\Tools\Binn\;D:\Maven\apache-maven-3.6.0-bin\apache-maven-3.6.0\bin;C:\Program Files\Java\jdk-11.0.1\bin;C:\Program Files\Git\cmd;C:\Users\batakrishna.mishra\AppData\Local\Microsoft\WindowsApps;;C:\Windows\system32;;."/>
    <property name="surefire.test.class.path" value="D:\Catalog Navigator\Catalog_Navigator\target\test-classes;D:\Catalog Navigator\Catalog_Navigator\target\classes;C:\Users\batakrishna.mishra\.m2\repository\org\apache\poi\poi\3.6\poi-3.6.jar;C:\Users\batakrishna.mishra\.m2\repository\log4j\log4j\1.2.13\log4j-1.2.13.jar;C:\Users\batakrishna.mishra\.m2\repository\org\apache\poi\poi-ooxml\3.6\poi-ooxml-3.6.jar;C:\Users\batakrishna.mishra\.m2\repository\org\apache\poi\poi-ooxml-schemas\3.6\poi-ooxml-schemas-3.6.jar;C:\Users\batakrishna.mishra\.m2\repository\org\apache\geronimo\specs\geronimo-stax-api_1.0_spec\1.0\geronimo-stax-api_1.0_spec-1.0.jar;C:\Users\batakrishna.mishra\.m2\repository\dom4j\dom4j\1.1\dom4j-1.1.jar;C:\Users\batakrishna.mishra\.m2\repository\org\apache\xmlbeans\xmlbeans\2.3.0\xmlbeans-2.3.0.jar;C:\Users\batakrishna.mishra\.m2\repository\stax\stax-api\1.0.1\stax-api-1.0.1.jar;C:\Users\batakrishna.mishra\.m2\repository\org\seleniumhq\selenium\selenium-java\2.52.0\selenium-java-2.52.0.jar;C:\Users\batakrishna.mishra\.m2\repository\org\seleniumhq\selenium\selenium-chrome-driver\2.52.0\selenium-chrome-driver-2.52.0.jar;C:\Users\batakrishna.mishra\.m2\repository\org\seleniumhq\selenium\selenium-remote-driver\2.52.0\selenium-remote-driver-2.52.0.jar;C:\Users\batakrishna.mishra\.m2\repository\cglib\cglib-nodep\2.1_3\cglib-nodep-2.1_3.jar;C:\Users\batakrishna.mishra\.m2\repository\org\seleniumhq\selenium\selenium-api\2.52.0\selenium-api-2.52.0.jar;C:\Users\batakrishna.mishra\.m2\repository\org\seleniumhq\selenium\selenium-edge-driver\2.52.0\selenium-edge-driver-2.52.0.jar;C:\Users\batakrishna.mishra\.m2\repository\commons-io\commons-io\2.4\commons-io-2.4.jar;C:\Users\batakrishna.mishra\.m2\repository\org\apache\commons\commons-exec\1.3\commons-exec-1.3.jar;C:\Users\batakrishna.mishra\.m2\repository\org\seleniumhq\selenium\selenium-htmlunit-driver\2.52.0\selenium-htmlunit-driver-2.52.0.jar;C:\Users\batakrishna.mishra\.m2\repository\net\sourceforge\htmlunit\htmlunit\2.18\htmlunit-2.18.jar;C:\Users\batakrishna.mishra\.m2\repository\xalan\xalan\2.7.2\xalan-2.7.2.jar;C:\Users\batakrishna.mishra\.m2\repository\xalan\serializer\2.7.2\serializer-2.7.2.jar;C:\Users\batakrishna.mishra\.m2\repository\org\apache\commons\commons-lang3\3.4\commons-lang3-3.4.jar;C:\Users\batakrishna.mishra\.m2\repository\org\apache\httpcomponents\httpmime\4.5\httpmime-4.5.jar;C:\Users\batakrishna.mishra\.m2\repository\net\sourceforge\htmlunit\htmlunit-core-js\2.17\htmlunit-core-js-2.17.jar;C:\Users\batakrishna.mishra\.m2\repository\xerces\xercesImpl\2.11.0\xercesImpl-2.11.0.jar;C:\Users\batakrishna.mishra\.m2\repository\xml-apis\xml-apis\1.4.01\xml-apis-1.4.01.jar;C:\Users\batakrishna.mishra\.m2\repository\net\sourceforge\nekohtml\nekohtml\1.9.22\nekohtml-1.9.22.jar;C:\Users\batakrishna.mishra\.m2\repository\net\sourceforge\cssparser\cssparser\0.9.16\cssparser-0.9.16.jar;C:\Users\batakrishna.mishra\.m2\repository\org\w3c\css\sac\1.3\sac-1.3.jar;C:\Users\batakrishna.mishra\.m2\repository\org\eclipse\jetty\websocket\websocket-client\9.2.12.v20150709\websocket-client-9.2.12.v20150709.jar;C:\Users\batakrishna.mishra\.m2\repository\org\eclipse\jetty\jetty-util\9.2.12.v20150709\jetty-util-9.2.12.v20150709.jar;C:\Users\batakrishna.mishra\.m2\repository\org\eclipse\jetty\jetty-io\9.2.12.v20150709\jetty-io-9.2.12.v20150709.jar;C:\Users\batakrishna.mishra\.m2\repository\org\eclipse\jetty\websocket\websocket-common\9.2.12.v20150709\websocket-common-9.2.12.v20150709.jar;C:\Users\batakrishna.mishra\.m2\repository\org\eclipse\jetty\websocket\websocket-api\9.2.12.v20150709\websocket-api-9.2.12.v20150709.jar;C:\Users\batakrishna.mishra\.m2\repository\org\seleniumhq\selenium\selenium-firefox-driver\2.52.0\selenium-firefox-driver-2.52.0.jar;C:\Users\batakrishna.mishra\.m2\repository\org\seleniumhq\selenium\selenium-ie-driver\2.52.0\selenium-ie-driver-2.52.0.jar;C:\Users\batakrishna.mishra\.m2\repository\net\java\dev\jna\jna\4.1.0\jna-4.1.0.jar;C:\Users\batakrishna.mishra\.m2\repository\net\java\dev\jna\jna-platform\4.1.0\jna-platform-4.1.0.jar;C:\Users\batakrishna.mishra\.m2\repository\org\seleniumhq\selenium\selenium-safari-driver\2.52.0\selenium-safari-driver-2.52.0.jar;C:\Users\batakrishna.mishra\.m2\repository\org\seleniumhq\selenium\selenium-support\2.52.0\selenium-support-2.52.0.jar;C:\Users\batakrishna.mishra\.m2\repository\org\webbitserver\webbit\0.4.14\webbit-0.4.14.jar;C:\Users\batakrishna.mishra\.m2\repository\io\netty\netty\3.5.2.Final\netty-3.5.2.Final.jar;C:\Users\batakrishna.mishra\.m2\repository\org\seleniumhq\selenium\selenium-leg-rc\2.52.0\selenium-leg-rc-2.52.0.jar;C:\Users\batakrishna.mishra\.m2\repository\com\relevantcodes\extentreports\2.40.2\extentreports-2.40.2.jar;C:\Users\batakrishna.mishra\.m2\repository\org\jsoup\jsoup\1.8.3\jsoup-1.8.3.jar;C:\Users\batakrishna.mishra\.m2\repository\org\xerial\sqlite-jdbc\3.8.11.1\sqlite-jdbc-3.8.11.1.jar;C:\Users\batakrishna.mishra\.m2\repository\org\freemarker\freemarker\2.3.23\freemarker-2.3.23.jar;C:\Users\batakrishna.mishra\.m2\repository\commons-logging\commons-logging\1.1.3\commons-logging-1.1.3.jar;C:\Users\batakrishna.mishra\.m2\repository\org\testng\testng\6.9.6\testng-6.9.6.jar;C:\Users\batakrishna.mishra\.m2\repository\com\google\inject\guice\4.0\guice-4.0-no_aop.jar;C:\Users\batakrishna.mishra\.m2\repository\javax\inject\javax.inject\1\javax.inject-1.jar;C:\Users\batakrishna.mishra\.m2\repository\aopalliance\aopalliance\1.0\aopalliance-1.0.jar;C:\Users\batakrishna.mishra\.m2\repository\org\beanshell\bsh\2.0b4\bsh-2.0b4.jar;C:\Users\batakrishna.mishra\.m2\repository\org\apache\ant\ant\1.7.0\ant-1.7.0.jar;C:\Users\batakrishna.mishra\.m2\repository\org\apache\ant\ant-launcher\1.7.0\ant-launcher-1.7.0.jar;C:\Users\batakrishna.mishra\.m2\repository\com\beust\jcommander\1.48\jcommander-1.48.jar;C:\Users\batakrishna.mishra\.m2\repository\org\yaml\snakeyaml\1.15\snakeyaml-1.15.jar;C:\Users\batakrishna.mishra\.m2\repository\junit\junit\4.10\junit-4.10.jar;C:\Users\batakrishna.mishra\.m2\repository\org\hamcrest\hamcrest-core\1.1\hamcrest-core-1.1.jar;C:\Users\batakrishna.mishra\.m2\repository\io\appium\java-client\3.3.0\java-client-3.3.0.jar;C:\Users\batakrishna.mishra\.m2\repository\com\google\code\gson\gson\2.2.4\gson-2.2.4.jar;C:\Users\batakrishna.mishra\.m2\repository\org\apache\httpcomponents\httpclient\4.3.3\httpclient-4.3.3.jar;C:\Users\batakrishna.mishra\.m2\repository\org\apache\httpcomponents\httpcore\4.3.2\httpcore-4.3.2.jar;C:\Users\batakrishna.mishra\.m2\repository\commons-codec\commons-codec\1.6\commons-codec-1.6.jar;C:\Users\batakrishna.mishra\.m2\repository\com\google\guava\guava\17.0\guava-17.0.jar;C:\Users\batakrishna.mishra\.m2\repository\cglib\cglib\3.1\cglib-3.1.jar;C:\Users\batakrishna.mishra\.m2\repository\org\ow2\asm\asm\4.2\asm-4.2.jar;C:\Users\batakrishna.mishra\.m2\repository\commons-validator\commons-validator\1.4.1\commons-validator-1.4.1.jar;C:\Users\batakrishna.mishra\.m2\repository\commons-beanutils\commons-beanutils\1.8.3\commons-beanutils-1.8.3.jar;C:\Users\batakrishna.mishra\.m2\repository\commons-digester\commons-digester\1.8.1\commons-digester-1.8.1.jar;C:\Users\batakrishna.mishra\.m2\repository\commons-collections\commons-collections\3.2.1\commons-collections-3.2.1.jar;C:\Users\batakrishna.mishra\.m2\repository\javax\mail\mail\1.4\mail-1.4.jar;C:\Users\batakrishna.mishra\.m2\repository\javax\activation\activation\1.1\activation-1.1.jar;C:\Users\batakrishna.mishra\.m2\repository\org\apache\maven\surefire\surefire-testng-utils\2.19.1\surefire-testng-utils-2.19.1.jar;C:\Users\batakrishna.mishra\.m2\repository\org\apache\maven\surefire\surefire-grouper\2.19.1\surefire-grouper-2.19.1.jar;"/>
    <property name="jdk.debug" value="release"/>
    <property name="java.class.version" value="55.0"/>
    <property name="java.specification.name" value="Java Platform API Specification"/>
    <property name="sun.management.compiler" value="HotSpot 64-Bit Tiered Compilers"/>
    <property name="os.version" value="10.0"/>
    <property name="user.home" value="C:\Users\batakrishna.mishra"/>
    <property name="user.timezone" value="Asia/Calcutta"/>
    <property name="java.awt.printerjob" value="sun.awt.windows.WPrinterJob"/>
    <property name="file.encoding" value="Cp1252"/>
    <property name="java.specification.version" value="11"/>
    <property name="user.name" value="batakrishna.mishra"/>
    <property name="java.class.path" value="C:\Users\batakrishna.mishra\.p2\pool\plugins\org.eclipse.m2e.maven.runtime_1.9.1.20180912-1600\jars\plexus-classworlds-2.5.2.jar"/>
    <property name="java.vm.specification.version" value="11"/>
    <property name="sun.arch.data.model" value="64"/>
    <property name="sun.java.command" value="org.codehaus.plexus.classworlds.launcher.Launcher -B test"/>
    <property name="java.home" value="C:\Program Files\Java\jdk-11.0.1"/>
    <property name="user.language" value="en"/>
    <property name="java.specification.vendor" value="Oracle Corporation"/>
    <property name="awt.toolkit" value="sun.awt.windows.WToolkit"/>
    <property name="java.vm.info" value="mixed mode"/>
    <property name="java.version" value="11.0.1"/>
    <property name="webdriver.chrome.driver" value="D:\Catalog Navigator\Catalog_Navigator\DriverFiles\chromedriver.exe"/>
    <property name="java.vendor" value="Oracle Corporation"/>
    <property name="maven.home" value="D:\Catalog Navigator\Catalog_Navigator\EMBEDDED"/>
    <property name="localRepository" value="C:\Users\batakrishna.mishra\.m2\repository"/>
    <property name="file.separator" value="\"/>
    <property name="java.version.date" value="2018-10-16"/>
    <property name="java.vendor.url.bug" value="http://bugreport.java.com/bugreport/"/>
    <property name="sun.io.unicode.encoding" value="UnicodeLittle"/>
    <property name="sun.cpu.endian" value="little"/>
    <property name="java.vendor.version" value="18.9"/>
    <property name="sun.desktop" value="windows"/>
    <property name="sun.cpu.isalist" value="amd64"/>
  </properties>
  <testcase name="RFIconfirmation" classname="com.catnav.scripts.home.testcases.RFISubmission" time="1.526">
    <failure message="Could not start a new session. Possible causes are invalid address of the remote server or browser start-up failure.&#10;Build info: version: &apos;2.52.0&apos;, revision: &apos;4c2593cfc3689a7fcd7be52549167e5ccc93ad28&apos;, time: &apos;2016-02-11 11:22:43&apos;&#10;System info: host: &apos;SDF4-110-KRISHNA&apos;, ip: &apos;10.254.105.206&apos;, os.name: &apos;Windows 10&apos;, os.arch: &apos;amd64&apos;, os.version: &apos;10.0&apos;, java.version: &apos;11.0.1&apos;&#10;Driver info: driver.version: ChromeDriver" type="org.openqa.selenium.remote.UnreachableBrowserException">org.openqa.selenium.remote.UnreachableBrowserException: 
Could not start a new session. Possible causes are invalid address of the remote server or browser start-up failure.
Build info: version: '2.52.0', revision: '4c2593cfc3689a7fcd7be52549167e5ccc93ad28', time: '2016-02-11 11:22:43'
System info: host: 'SDF4-110-KRISHNA', ip: '10.254.105.206', os.name: 'Windows 10', os.arch: 'amd64', os.version: '10.0', java.version: '11.0.1'
Driver info: driver.version: ChromeDriver
	at com.catnav.scripts.home.testcases.RFISubmission.RFIconfirmation(RFISubmission.java:40)
Caused by: org.openqa.selenium.WebDriverException: 
Unable to convert: {desiredCapabilities=Capabilities [{browserName=chrome, chromeOptions=org.openqa.selenium.chrome.ChromeOptions@1b550c0, version=, platform=ANY}]}
Build info: version: '2.52.0', revision: '4c2593cfc3689a7fcd7be52549167e5ccc93ad28', time: '2016-02-11 11:22:43'
System info: host: 'SDF4-110-KRISHNA', ip: '10.254.105.206', os.name: 'Windows 10', os.arch: 'amd64', os.version: '10.0', java.version: '11.0.1'
Driver info: driver.version: ChromeDriver
	at com.catnav.scripts.home.testcases.RFISubmission.RFIconfirmation(RFISubmission.java:40)
Caused by: org.openqa.selenium.WebDriverException: 
Unable to convert: {desiredCapabilities=Capabilities [{browserName=chrome, chromeOptions=org.openqa.selenium.chrome.ChromeOptions@1b550c0, version=, platform=ANY}]}
Build info: version: '2.52.0', revision: '4c2593cfc3689a7fcd7be52549167e5ccc93ad28', time: '2016-02-11 11:22:43'
System info: host: 'SDF4-110-KRISHNA', ip: '10.254.105.206', os.name: 'Windows 10', os.arch: 'amd64', os.version: '10.0', java.version: '11.0.1'
Driver info: driver.version: ChromeDriver
	at com.catnav.scripts.home.testcases.RFISubmission.RFIconfirmation(RFISubmission.java:40)
Caused by: org.openqa.selenium.WebDriverException: 
java.lang.reflect.InvocationTargetException
Build info: version: '2.52.0', revision: '4c2593cfc3689a7fcd7be52549167e5ccc93ad28', time: '2016-02-11 11:22:43'
System info: host: 'SDF4-110-KRISHNA', ip: '10.254.105.206', os.name: 'Windows 10', os.arch: 'amd64', os.version: '10.0', java.version: '11.0.1'
Driver info: driver.version: ChromeDriver
	at com.catnav.scripts.home.testcases.RFISubmission.RFIconfirmation(RFISubmission.java:40)
Caused by: java.lang.reflect.InvocationTargetException
	at com.catnav.scripts.home.testcases.RFISubmission.RFIconfirmation(RFISubmission.java:40)
Caused by: java.lang.NoClassDefFoundError: java/sql/Time
	at com.catnav.scripts.home.testcases.RFISubmission.RFIconfirmation(RFISubmission.java:40)
Caused by: java.lang.ClassNotFoundException: java.sql.Time
	at com.catnav.scripts.home.testcases.RFISubmission.RFIconfirmation(RFISubmission.java:40)
</failure>
    <system-err><![CDATA[Starting ChromeDriver 2.31.488763 (092de99f48a300323ecf8c2a4e2e7cab51de5ba8) on port 33412
Only local connections are allowed.
Starting ChromeDriver 2.31.488763 (092de99f48a300323ecf8c2a4e2e7cab51de5ba8) on port 24670
Only local connections are allowed.
]]></system-err>
  </testcase>
  <testcase name="fnEmailThisPage" classname="com.catnav.scripts.home.testcases.EmailThisPage" time="1.526">
    <failure message="Could not start a new session. Possible causes are invalid address of the remote server or browser start-up failure.&#10;Build info: version: &apos;2.52.0&apos;, revision: &apos;4c2593cfc3689a7fcd7be52549167e5ccc93ad28&apos;, time: &apos;2016-02-11 11:22:43&apos;&#10;System info: host: &apos;SDF4-110-KRISHNA&apos;, ip: &apos;10.254.105.206&apos;, os.name: &apos;Windows 10&apos;, os.arch: &apos;amd64&apos;, os.version: &apos;10.0&apos;, java.version: &apos;11.0.1&apos;&#10;Driver info: driver.version: ChromeDriver" type="org.openqa.selenium.remote.UnreachableBrowserException">org.openqa.selenium.remote.UnreachableBrowserException: 
Could not start a new session. Possible causes are invalid address of the remote server or browser start-up failure.
Build info: version: '2.52.0', revision: '4c2593cfc3689a7fcd7be52549167e5ccc93ad28', time: '2016-02-11 11:22:43'
System info: host: 'SDF4-110-KRISHNA', ip: '10.254.105.206', os.name: 'Windows 10', os.arch: 'amd64', os.version: '10.0', java.version: '11.0.1'
Driver info: driver.version: ChromeDriver
	at com.catnav.scripts.home.testcases.EmailThisPage.fnEmailThisPage(EmailThisPage.java:39)
Caused by: org.openqa.selenium.WebDriverException: 
Unable to convert: {desiredCapabilities=Capabilities [{browserName=chrome, chromeOptions=org.openqa.selenium.chrome.ChromeOptions@1b550c0, version=, platform=ANY}]}
Build info: version: '2.52.0', revision: '4c2593cfc3689a7fcd7be52549167e5ccc93ad28', time: '2016-02-11 11:22:43'
System info: host: 'SDF4-110-KRISHNA', ip: '10.254.105.206', os.name: 'Windows 10', os.arch: 'amd64', os.version: '10.0', java.version: '11.0.1'
Driver info: driver.version: ChromeDriver
	at com.catnav.scripts.home.testcases.EmailThisPage.fnEmailThisPage(EmailThisPage.java:39)
Caused by: org.openqa.selenium.WebDriverException: 
Unable to convert: {desiredCapabilities=Capabilities [{browserName=chrome, chromeOptions=org.openqa.selenium.chrome.ChromeOptions@1b550c0, version=, platform=ANY}]}
Build info: version: '2.52.0', revision: '4c2593cfc3689a7fcd7be52549167e5ccc93ad28', time: '2016-02-11 11:22:43'
System info: host: 'SDF4-110-KRISHNA', ip: '10.254.105.206', os.name: 'Windows 10', os.arch: 'amd64', os.version: '10.0', java.version: '11.0.1'
Driver info: driver.version: ChromeDriver
	at com.catnav.scripts.home.testcases.EmailThisPage.fnEmailThisPage(EmailThisPage.java:39)
Caused by: org.openqa.selenium.WebDriverException: 
java.lang.reflect.InvocationTargetException
Build info: version: '2.52.0', revision: '4c2593cfc3689a7fcd7be52549167e5ccc93ad28', time: '2016-02-11 11:22:43'
System info: host: 'SDF4-110-KRISHNA', ip: '10.254.105.206', os.name: 'Windows 10', os.arch: 'amd64', os.version: '10.0', java.version: '11.0.1'
Driver info: driver.version: ChromeDriver
	at com.catnav.scripts.home.testcases.EmailThisPage.fnEmailThisPage(EmailThisPage.java:39)
Caused by: java.lang.reflect.InvocationTargetException
	at com.catnav.scripts.home.testcases.EmailThisPage.fnEmailThisPage(EmailThisPage.java:39)
Caused by: java.lang.NoClassDefFoundError: java/sql/Time
	at com.catnav.scripts.home.testcases.EmailThisPage.fnEmailThisPage(EmailThisPage.java:39)
Caused by: java.lang.ClassNotFoundException: java.sql.Time
	at com.catnav.scripts.home.testcases.EmailThisPage.fnEmailThisPage(EmailThisPage.java:39)
</failure>
    <system-err><![CDATA[Starting ChromeDriver 2.31.488763 (092de99f48a300323ecf8c2a4e2e7cab51de5ba8) on port 33412
Only local connections are allowed.
Starting ChromeDriver 2.31.488763 (092de99f48a300323ecf8c2a4e2e7cab51de5ba8) on port 24670
Only local connections are allowed.
]]></system-err>
  </testcase>
  <testcase name="quit" classname="com.catnav.scripts.home.testcases.RFISubmission" time="1.678">
    <failure message="java/sql/Date" type="java.lang.NoClassDefFoundError">java.lang.NoClassDefFoundError: java/sql/Date
	at com.catnav.scripts.home.testcases.RFISubmission.quit(RFISubmission.java:52)
Caused by: java.lang.ClassNotFoundException: java.sql.Date
	at com.catnav.scripts.home.testcases.RFISubmission.quit(RFISubmission.java:52)
</failure>
    <system-err><![CDATA[log4j:WARN No appenders could be found for logger (freemarker.cache).
log4j:WARN Please initialize the log4j system properly.
]]></system-err>
  </testcase>
  <testcase name="quit" classname="com.catnav.scripts.home.testcases.EmailThisPage" time="1.709">
    <failure message="java/sql/Date" type="java.lang.NoClassDefFoundError">java.lang.NoClassDefFoundError: java/sql/Date
	at com.catnav.scripts.home.testcases.EmailThisPage.quit(EmailThisPage.java:55)
Caused by: java.lang.ClassNotFoundException: java.sql.Date
	at com.catnav.scripts.home.testcases.EmailThisPage.quit(EmailThisPage.java:55)
</failure>
  </testcase>
</testsuite>