<?xml version="1.0" encoding="UTF-8"?>
<!-- Generated by org.testng.reporters.JUnitReportReporter -->
<testsuite hostname="SDF4-110-KRISHNA" failures="0" tests="1" name="com.catnav.scripts.home.testcases.RFISubmission" time="62.423" errors="0" timestamp="26 Dec 2018 11:42:28 GMT">
  <testcase classname="com.catnav.scripts.home.testcases.RFISubmission" name="RFIconfirmation" time="62.423"/>
</testsuite> <!-- com.catnav.scripts.home.testcases.RFISubmission -->
